<?xml version="1.0" encoding="UTF-8"?>
<testng-results ignored="0" total="1" passed="1" failed="0" skipped="0">
  <reporter-output>
  </reporter-output>
  <suite started-at="2021-01-27T19:39:25 CST" name="Default suite" finished-at="2021-01-27T19:39:30 CST" duration-ms="4484">
    <groups>
    </groups>
    <test started-at="2021-01-27T19:39:25 CST" name="Default test" finished-at="2021-01-27T19:39:30 CST" duration-ms="4484">
      <class name="com.app.ui.tests.AppSeleniumTest">
        <test-method is-config="true" signature="Setup()[pri:0, instance:com.app.ui.tests.AppSeleniumTest@46fa7c39]" started-at="2021-01-27T19:39:25 CST" name="Setup" finished-at="2021-01-27T19:39:29 CST" duration-ms="3986" status="PASS">
          <reporter-output>
          </reporter-output>
        </test-method> <!-- Setup -->
        <test-method signature="seleniumTest()[pri:0, instance:com.app.ui.tests.AppSeleniumTest@46fa7c39]" started-at="2021-01-27T19:39:29 CST" name="seleniumTest" finished-at="2021-01-27T19:39:30 CST" duration-ms="465" status="PASS">
          <reporter-output>
          </reporter-output>
        </test-method> <!-- seleniumTest -->
      </class> <!-- com.app.ui.tests.AppSeleniumTest -->
    </test> <!-- Default test -->
  </suite> <!-- Default suite -->
</testng-results>
