<?xml version="1.0" encoding="UTF-8"?>
<testng-results ignored="2" total="3" passed="1" failed="0" skipped="0">
  <reporter-output>
  </reporter-output>
  <suite started-at="2021-01-28T17:00:42 CST" name="Default suite" finished-at="2021-01-28T17:01:02 CST" duration-ms="20089">
    <groups>
    </groups>
    <test started-at="2021-01-28T17:00:42 CST" name="Default test" finished-at="2021-01-28T17:01:02 CST" duration-ms="20089">
      <class name="com.app.ui.tests.Test_Application_GuitarInventory">
        <test-method is-config="true" signature="Setup()[pri:0, instance:com.app.ui.tests.Test_Application_GuitarInventory@3541cb24]" started-at="2021-01-28T17:00:42 CST" name="Setup" finished-at="2021-01-28T17:00:45 CST" duration-ms="3836" status="PASS">
          <reporter-output>
          </reporter-output>
        </test-method> <!-- Setup -->
        <test-method signature="Test_Application_GI_Superman()[pri:0, instance:com.app.ui.tests.Test_Application_GuitarInventory@3541cb24]" started-at="2021-01-28T17:00:46 CST" name="Test_Application_GI_Superman" finished-at="2021-01-28T17:01:01 CST" duration-ms="15508" status="PASS">
          <reporter-output>
          </reporter-output>
        </test-method> <!-- Test_Application_GI_Superman -->
        <test-method is-config="true" signature="Teardown()[pri:0, instance:com.app.ui.tests.Test_Application_GuitarInventory@3541cb24]" started-at="2021-01-28T17:01:01 CST" name="Teardown" finished-at="2021-01-28T17:01:02 CST" duration-ms="714" status="PASS">
          <reporter-output>
          </reporter-output>
        </test-method> <!-- Teardown -->
      </class> <!-- com.app.ui.tests.Test_Application_GuitarInventory -->
    </test> <!-- Default test -->
  </suite> <!-- Default suite -->
</testng-results>
