<?xml version="1.0" encoding="UTF-8"?>
<!-- Generated by org.testng.reporters.JUnitXMLReporter -->
<testsuite ignored="2" hostname="LAPTOP-PA83I7AP" failures="0" tests="1" name="Default test" time="20.089" errors="0" timestamp="2021-01-28T17:01:02 CST">
  <testcase classname="com.app.ui.tests.Test_Application_GuitarInventory" name="Test_Application_GI_Superman" time="15.508"/>
  <testcase classname="com.app.ui.tests.ApplicationBaseTest" name="seleniumBaseTest" time="0.0">
    <ignored/>
  </testcase> <!-- seleniumBaseTest -->
  <testcase classname="com.app.ui.tests.Test_Application_GuitarInventory" name="Test_Application_GI_Batman" time="0.0">
    <ignored/>
  </testcase> <!-- Test_Application_GI_Batman -->
</testsuite> <!-- Default test -->
