<?xml version="1.0" encoding="UTF-8"?>
<!-- Generated by org.testng.reporters.JUnitXMLReporter -->
<testsuite ignored="0" hostname="LAPTOP-PA83I7AP" failures="0" tests="2" name="Default test" time="24.744" errors="0" timestamp="2021-01-28T18:16:49 CST">
  <testcase classname="com.app.ui.tests.Test_Application_GuitarInventory" name="Test_Application_GI_Batman" time="11.886"/>
  <testcase classname="com.app.ui.tests.Test_Application_GuitarInventory" name="Test_Application_GI_Superman" time="8.079"/>
</testsuite> <!-- Default test -->
